<?xml version='1.0' encoding='UTF-8'?>
<testsuite hostname="Glebs-MacBook-Pro.local" name="kvstore.KVStoreSuite" tests="19" errors="0" failures="1" skipped="0" time="27.643" timestamp="2019-03-26T23:20:45">
                     <properties>
[...]
</properties>
                     <testcase classname="kvstore.KVStoreSuite" name="Step1-case1: Primary (in isolation) should properly register itself to the provided Arbiter" time="0.052">
                                                 
                                               </testcase><testcase classname="kvstore.KVStoreSuite" name="Step1-case2: Primary (in isolation) should react properly to Insert, Remove, Get" time="0.035">
                                                 
                                               </testcase><testcase classname="kvstore.KVStoreSuite" name="Step2-case1: Secondary (in isolation) should properly register itself to the provided Arbiter" time="0.013">
                                                 
                                               </testcase><testcase classname="kvstore.KVStoreSuite" name="Step2-case2: Secondary (in isolation) must handle Snapshots" time="0.051">
                                                 
                                               </testcase><testcase classname="kvstore.KVStoreSuite" name="Step2-case3: Secondary should drop and immediately ack snapshots with older sequence numbers" time="0.026">
                                                 
                                               </testcase><testcase classname="kvstore.KVStoreSuite" name="Step2-case4: Secondary should drop snapshots with future sequence numbers" time="0.341">
                                                 
                                               </testcase><testcase classname="kvstore.KVStoreSuite" name="Step3-case1: Replicator should send snapshots when asked to replicate" time="12.048">
                                                 
                                               </testcase><testcase classname="kvstore.KVStoreSuite" name="Step3-case2: Replicator should retry until acknowledged by secondary" time="0.244">
                                                 
                                               </testcase><testcase classname="kvstore.KVStoreSuite" name="Step4-case1: Secondary should not acknowledge snapshots until persisted" time="0.558">
                                                 
                                               </testcase><testcase classname="kvstore.KVStoreSuite" name="Step4-case2: Secondary should retry persistence in every 100 milliseconds" time="0.698">
                                                 
                                               </testcase><testcase classname="kvstore.KVStoreSuite" name="Step5-case1: Primary does not acknowledge updates which have not been persisted" time="0.14">
                                                 
                                               </testcase><testcase classname="kvstore.KVStoreSuite" name="Step5-case2: Primary retries persistence every 100 milliseconds" time="0.299">
                                                 
                                               </testcase><testcase classname="kvstore.KVStoreSuite" name="Step5-case3: Primary generates failure after 1 second if persistence fails" time="1.058">
                                                 
                                               </testcase><testcase classname="kvstore.KVStoreSuite" name="Step5-case4: Primary generates failure after 1 second if global acknowledgement fails" time="1.082">
                                                 
                                               </testcase><testcase classname="kvstore.KVStoreSuite" name="Step5-case5: Primary acknowledges only after persistence and global acknowledgement" time="0.665">
                                                 
                                               </testcase><testcase classname="kvstore.KVStoreSuite" name="Step6-case1: Primary must start replication to new replicas" time="9.145">
                                                 
                                               </testcase><testcase classname="kvstore.KVStoreSuite" name="Step6-case2: Primary must stop replication to removed replicas and stop Replicator" time="0.062">
                                                 
                                               </testcase><testcase classname="kvstore.KVStoreSuite" name="Step6-case3: Primary must stop replication to removed replicas and waive their outstanding acknowledgements" time="0.04">
                                                 
                                               </testcase><testcase classname="kvstore.KVStoreSuite" name="IntegrationSpec-case1: Proper replication to new joiners" time="1.086">
                                                 <failure message="assertion failed: expected OperationAck(3), found OperationFailed(3)" type="java.lang.AssertionError">java.lang.AssertionError: assertion failed: expected OperationAck(3), found OperationFailed(3)
	at scala.Predef$.assert(Predef.scala:170)
	at akka.testkit.TestKitBase$class.expectMsg_internal(TestKit.scala:403)
	at akka.testkit.TestKitBase$class.expectMsg(TestKit.scala:379)
	at akka.testkit.TestKit.expectMsg(TestKit.scala:896)
	at kvstore.Tools$Session.waitAck(Tools.scala:44)
	at kvstore.Tools$Session.setAcked(Tools.scala:60)
	at kvstore.IntegrationSpec$$anonfun$1.apply$mcV$sp(IntegrationSpec.scala:38)
	at kvstore.IntegrationSpec$$anonfun$1.apply(IntegrationSpec.scala:22)
	at kvstore.IntegrationSpec$$anonfun$1.apply(IntegrationSpec.scala:22)
	at org.scalatest.OutcomeOf$class.outcomeOf(OutcomeOf.scala:85)
	at org.scalatest.OutcomeOf$.outcomeOf(OutcomeOf.scala:104)
	at org.scalatest.Transformer.apply(Transformer.scala:22)
	at org.scalatest.Transformer.apply(Transformer.scala:20)
	at org.scalatest.FunSuiteLike$$anon$1.apply(FunSuiteLike.scala:186)
	at org.scalatest.TestSuite$class.withFixture(TestSuite.scala:196)
	at kvstore.KVStoreSuite.withFixture(KVStoreSuite.scala:7)
	at org.scalatest.FunSuiteLike$class.invokeWithFixture$1(FunSuiteLike.scala:183)
	at org.scalatest.FunSuiteLike$$anonfun$runTest$1.apply(FunSuiteLike.scala:196)
	at org.scalatest.FunSuiteLike$$anonfun$runTest$1.apply(FunSuiteLike.scala:196)
	at org.scalatest.SuperEngine.runTestImpl(Engine.scala:289)
	at org.scalatest.FunSuiteLike$class.runTest(FunSuiteLike.scala:196)
	at kvstore.KVStoreSuite.runTest(KVStoreSuite.scala:7)
	at org.scalatest.FunSuiteLike$$anonfun$runTests$1.apply(FunSuiteLike.scala:229)
	at org.scalatest.FunSuiteLike$$anonfun$runTests$1.apply(FunSuiteLike.scala:229)
	at org.scalatest.SuperEngine$$anonfun$traverseSubNodes$1$1.apply(Engine.scala:396)
	at org.scalatest.SuperEngine$$anonfun$traverseSubNodes$1$1.apply(Engine.scala:384)
	at scala.collection.immutable.List.foreach(List.scala:392)
	at org.scalatest.SuperEngine.traverseSubNodes$1(Engine.scala:384)
	at org.scalatest.SuperEngine.org$scalatest$SuperEngine$$runTestsInBranch(Engine.scala:379)
	at org.scalatest.SuperEngine.runTestsImpl(Engine.scala:461)
	at org.scalatest.FunSuiteLike$class.runTests(FunSuiteLike.scala:229)
	at kvstore.KVStoreSuite.runTests(KVStoreSuite.scala:7)
	at org.scalatest.Suite$class.run(Suite.scala:1147)
	at kvstore.KVStoreSuite.org$scalatest$FunSuiteLike$$super$run(KVStoreSuite.scala:7)
	at org.scalatest.FunSuiteLike$$anonfun$run$1.apply(FunSuiteLike.scala:233)
	at org.scalatest.FunSuiteLike$$anonfun$run$1.apply(FunSuiteLike.scala:233)
	at org.scalatest.SuperEngine.runImpl(Engine.scala:521)
	at org.scalatest.FunSuiteLike$class.run(FunSuiteLike.scala:233)
	at kvstore.KVStoreSuite.org$scalatest$BeforeAndAfterAll$$super$run(KVStoreSuite.scala:7)
	at org.scalatest.BeforeAndAfterAll$class.liftedTree1$1(BeforeAndAfterAll.scala:213)
	at org.scalatest.BeforeAndAfterAll$class.run(BeforeAndAfterAll.scala:210)
	at kvstore.KVStoreSuite.run(KVStoreSuite.scala:7)
	at org.scalatest.tools.Framework.org$scalatest$tools$Framework$$runSuite(Framework.scala:314)
	at org.scalatest.tools.Framework$ScalaTestTask.execute(Framework.scala:480)
	at sbt.TestRunner.runTest$1(TestFramework.scala:113)
	at sbt.TestRunner.run(TestFramework.scala:124)
	at sbt.TestFramework$$anon$2$$anonfun$$lessinit$greater$1.$anonfun$apply$1(TestFramework.scala:282)
	at sbt.TestFramework$.sbt$TestFramework$$withContextLoader(TestFramework.scala:246)
	at sbt.TestFramework$$anon$2$$anonfun$$lessinit$greater$1.apply(TestFramework.scala:282)
	at sbt.TestFramework$$anon$2$$anonfun$$lessinit$greater$1.apply(TestFramework.scala:282)
	at sbt.TestFunction.apply(TestFramework.scala:294)
	at sbt.Tests$.processRunnable$1(Tests.scala:347)
	at sbt.Tests$.$anonfun$makeSerial$1(Tests.scala:353)
	at sbt.std.Transform$$anon$3.$anonfun$apply$2(System.scala:46)
	at sbt.std.Transform$$anon$4.work(System.scala:67)
	at sbt.Execute.$anonfun$submit$2(Execute.scala:269)
	at sbt.internal.util.ErrorHandling$.wideConvert(ErrorHandling.scala:16)
	at sbt.Execute.work(Execute.scala:278)
	at sbt.Execute.$anonfun$submit$1(Execute.scala:269)
	at sbt.ConcurrentRestrictions$$anon$4.$anonfun$submitValid$1(ConcurrentRestrictions.scala:178)
	at sbt.CompletionService$$anon$2.call(CompletionService.scala:37)
	at java.util.concurrent.FutureTask.run(FutureTask.java:266)
	at java.util.concurrent.Executors$RunnableAdapter.call(Executors.java:511)
	at java.util.concurrent.FutureTask.run(FutureTask.java:266)
	at java.util.concurrent.ThreadPoolExecutor.runWorker(ThreadPoolExecutor.java:1149)
	at java.util.concurrent.ThreadPoolExecutor$Worker.run(ThreadPoolExecutor.java:624)
	at java.lang.Thread.run(Thread.java:748)
</failure>
                                               </testcase>
                     <system-out><![CDATA[]]></system-out>
                     <system-err><![CDATA[]]></system-err>
                   </testsuite>